<?xml version="1.0" encoding="UTF-8"?>
<!-- Generated by org.testng.reporters.JUnitReportReporter -->
<testsuite hostname="PSL-FK57XM3" failures="0" tests="1" name="com.rest.RunCucumberTest" time="2.177" errors="0" timestamp="2023-10-09T14:47:03 IST" skipped="0">
  <testcase classname="com.rest.RunCucumberTest" name="runScenario" time="2.177"/>
</testsuite> <!-- com.rest.RunCucumberTest -->
